[debug] [2022-10-02T19:39:12.837Z] ----------------------------------------------------------------------
[debug] [2022-10-02T19:39:12.838Z] Command:       C:\Program Files\nodejs\node.exe C:\Users\david\AppData\Roaming\npm\node_modules\firebase-tools\lib\bin\firebase.js init hosting
[debug] [2022-10-02T19:39:12.839Z] CLI Version:   11.8.0
[debug] [2022-10-02T19:39:12.839Z] Platform:      win32
[debug] [2022-10-02T19:39:12.839Z] Node Version:  v16.15.1
[debug] [2022-10-02T19:39:12.840Z] Time:          Sun Oct 02 2022 21:39:12 GMT+0200 (centraleuropeisk sommartid)
[debug] [2022-10-02T19:39:12.840Z] ----------------------------------------------------------------------
[debug] 
[debug] [2022-10-02T19:39:12.846Z] > command requires scopes: ["email","openid","https://www.googleapis.com/auth/cloudplatformprojects.readonly","https://www.googleapis.com/auth/firebase","https://www.googleapis.com/auth/cloud-platform"]
[debug] [2022-10-02T19:39:12.847Z] > authorizing via signed-in user (david.pales1@gmail.com)
[info] 
     ######## #### ########  ######## ########     ###     ######  ########
     ##        ##  ##     ## ##       ##     ##  ##   ##  ##       ##
     ######    ##  ########  ######   ########  #########  ######  ######
     ##        ##  ##    ##  ##       ##     ## ##     ##       ## ##
     ##       #### ##     ## ######## ########  ##     ##  ######  ########

You're about to initialize a Firebase project in this directory:

  D:\2. GitHub\Neetechs\Neetechs_Accounts

[info] 
=== Project Setup
[info] 
[info] First, let's associate this project directory with a Firebase project.
[info] You can create multiple project aliases by running firebase use --add, 
[info] but for now we'll just set up a default project.
[info] 
[debug] [2022-10-02T19:39:27.491Z] >>> [apiv2][query] GET https://firebase.googleapis.com/v1beta1/projects pageSize=100
[debug] [2022-10-02T19:39:28.008Z] <<< [apiv2][status] GET https://firebase.googleapis.com/v1beta1/projects 200
[debug] [2022-10-02T19:39:28.008Z] <<< [apiv2][body] GET https://firebase.googleapis.com/v1beta1/projects [omitted]
[info] i  Using project neetechs (Neetechs) 
[info] 
=== Hosting Setup
[info] 
[info] Your public directory is the folder (relative to your project directory) that
[info] will contain Hosting assets to be uploaded with firebase deploy. If you
[info] have a build process for your assets, use your build's output directory.
[info] 
[debug] [2022-10-02T19:42:37.049Z] Error: Path contains invalid characters: D:\2. GitHub\Neetechs\Neetechs_Accounts\  STRIPE_PUBLIC_KEY: "pk_test_51IwTvvIR19rXEZpRWoj9M4BGNy5nJ1GQOsXUZXHRD0PS3QGexQQSVNQR0vMB8jMoONQtO4RNQ30pC3N5BdgiGstB00shA8ejRI",
    at checkPath (C:\Users\david\AppData\Roaming\npm\node_modules\firebase-tools\node_modules\fs-extra\lib\mkdirs\utils.js:16:21)
    at Object.module.exports.makeDirSync (C:\Users\david\AppData\Roaming\npm\node_modules\firebase-tools\node_modules\fs-extra\lib\mkdirs\make-dir.js:21:3)
    at Object.createFileSync (C:\Users\david\AppData\Roaming\npm\node_modules\firebase-tools\node_modules\fs-extra\lib\ensure\file.js:59:45)
    at Config.writeProjectFile (C:\Users\david\AppData\Roaming\npm\node_modules\firebase-tools\lib\config.js:152:12)
    at C:\Users\david\AppData\Roaming\npm\node_modules\firebase-tools\lib\config.js:176:22
    at processTicksAndRejections (node:internal/process/task_queues:96:5)
    at async doSetup (C:\Users\david\AppData\Roaming\npm\node_modules\firebase-tools\lib\init\features\hosting\index.js:48:9)
    at async init (C:\Users\david\AppData\Roaming\npm\node_modules\firebase-tools\lib\init\index.js:36:9)
[error] 
[error] Error: An unexpected error has occurred.
[debug] [2022-10-02T19:43:17.605Z] ----------------------------------------------------------------------
[debug] [2022-10-02T19:43:17.607Z] Command:       C:\Program Files\nodejs\node.exe C:\Users\david\AppData\Roaming\npm\node_modules\firebase-tools\lib\bin\firebase.js init hosting
[debug] [2022-10-02T19:43:17.607Z] CLI Version:   11.13.0
[debug] [2022-10-02T19:43:17.607Z] Platform:      win32
[debug] [2022-10-02T19:43:17.608Z] Node Version:  v16.15.1
[debug] [2022-10-02T19:43:17.608Z] Time:          Sun Oct 02 2022 21:43:17 GMT+0200 (centraleuropeisk sommartid)
[debug] [2022-10-02T19:43:17.609Z] ----------------------------------------------------------------------
[debug] 
[debug] [2022-10-02T19:43:17.615Z] > command requires scopes: ["email","openid","https://www.googleapis.com/auth/cloudplatformprojects.readonly","https://www.googleapis.com/auth/firebase","https://www.googleapis.com/auth/cloud-platform"]
[debug] [2022-10-02T19:43:17.616Z] > authorizing via signed-in user (david.pales1@gmail.com)
[info] 
     ######## #### ########  ######## ########     ###     ######  ########
     ##        ##  ##     ## ##       ##     ##  ##   ##  ##       ##
     ######    ##  ########  ######   ########  #########  ######  ######
     ##        ##  ##    ##  ##       ##     ## ##     ##       ## ##
     ##       #### ##     ## ######## ########  ##     ##  ######  ########

You're about to initialize a Firebase project in this directory:

  D:\2. GitHub\Neetechs\Neetechs_Accounts

[info] 
=== Project Setup
[info] 
[info] First, let's associate this project directory with a Firebase project.
[info] You can create multiple project aliases by running firebase use --add, 
[info] but for now we'll just set up a default project.
[info] 
[debug] [2022-10-02T19:43:20.807Z] >>> [apiv2][query] GET https://firebase.googleapis.com/v1beta1/projects pageSize=100
[debug] [2022-10-02T19:43:21.415Z] <<< [apiv2][status] GET https://firebase.googleapis.com/v1beta1/projects 200
[debug] [2022-10-02T19:43:21.415Z] <<< [apiv2][body] GET https://firebase.googleapis.com/v1beta1/projects [omitted]
[info] i  Using project neetechs (Neetechs) 
[info] 
=== Hosting Setup
[info] 
[info] Your public directory is the folder (relative to your project directory) that
[info] will contain Hosting assets to be uploaded with firebase deploy. If you
[info] have a build process for your assets, use your build's output directory.
[info] 
[debug] [2022-10-02T19:43:46.546Z] >>> [apiv2][query] GET https://www.gstatic.com/firebasejs/releases.json [none]
[debug] [2022-10-02T19:43:46.680Z] <<< [apiv2][status] GET https://www.gstatic.com/firebasejs/releases.json 200
[debug] [2022-10-02T19:43:46.680Z] <<< [apiv2][body] GET https://www.gstatic.com/firebasejs/releases.json {"current":{"version":"9.10.0","browserURL":"https://www.gstatic.com/firebasejs/9.10.0/firebase.js","packageURL":"https://www.gstatic.com/firebasejs/9.10.0/firebase.tgz"},"live":{"version":"9.10","browserURL":"https://www.gstatic.com/firebasejs/live/9.10/firebase.js","packageURL":"https://www.gstatic.com/firebasejs/live/9.10/firebase.tgz"},"components":{"analytics":"https://www.gstatic.com/firebasejs/9.10.0/firebase-analytics.js","app":"https://www.gstatic.com/firebasejs/9.10.0/firebase-app.js","app-check":"https://www.gstatic.com/firebasejs/9.10.0/firebase-app-check.js","auth":"https://www.gstatic.com/firebasejs/9.10.0/firebase-auth.js","auth/cordova":"https://www.gstatic.com/firebasejs/9.10.0/firebase-auth/cordova.js","auth/react-native":"https://www.gstatic.com/firebasejs/9.10.0/firebase-auth/react-native.js","functions":"https://www.gstatic.com/firebasejs/9.10.0/firebase-functions.js","firestore":"https://www.gstatic.com/firebasejs/9.10.0/firebase-firestore.js","firestore/lite":"https://www.gstatic.com/firebasejs/9.10.0/firebase-firestore/lite.js","installations":"https://www.gstatic.com/firebasejs/9.10.0/firebase-installations.js","storage":"https://www.gstatic.com/firebasejs/9.10.0/firebase-storage.js","performance":"https://www.gstatic.com/firebasejs/9.10.0/firebase-performance.js","remote-config":"https://www.gstatic.com/firebasejs/9.10.0/firebase-remote-config.js","messaging":"https://www.gstatic.com/firebasejs/9.10.0/firebase-messaging.js","messaging/sw":"https://www.gstatic.com/firebasejs/9.10.0/firebase-messaging/sw.js","database":"https://www.gstatic.com/firebasejs/9.10.0/firebase-database.js","firestore.memory":"https://www.gstatic.com/firebasejs/9.10.0/firebase-firestore.memory.js"}}
[info] i  Skipping write of dist\nee-techs\en-US/index.html 
[info] 
[info] i  Detected a .git folder at D:\2. GitHub\Neetechs\Neetechs_Accounts 
[info] i  Authorizing with GitHub to upload your service account to a GitHub repository's secrets store. 
[info] 
[info] Visit this URL on this device to log in:
[info] https://github.com/login/oauth/authorize?client_id=89cf50f02ac6aaed3484&state=438784402&redirect_uri=http%3A%2F%2Flocalhost%3A9005&scope=read%3Auser%20repo%20public_repo
[info] 
[info] Waiting for authentication...
[debug] [2022-10-02T19:43:55.165Z] >>> [apiv2][query] POST https://github.com/login/oauth/access_token [none]
[debug] [2022-10-02T19:43:55.165Z] >>> [apiv2][body] POST https://github.com/login/oauth/access_token [stream]
[debug] [2022-10-02T19:43:55.516Z] <<< [apiv2][status] POST https://github.com/login/oauth/access_token 200
[debug] [2022-10-02T19:43:55.516Z] <<< [apiv2][body] POST https://github.com/login/oauth/access_token {"access_token":"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","token_type":"bearer","scope":"read:user,repo"}
[debug] [2022-10-02T19:43:55.520Z] >>> [apiv2][query] GET https://api.github.com/user [none]
[debug] [2022-10-02T19:43:55.911Z] <<< [apiv2][status] GET https://api.github.com/user 200
[debug] [2022-10-02T19:43:55.911Z] <<< [apiv2][body] GET https://api.github.com/user {"login":"davidpales1","id":22003531,"node_id":"MDQ6VXNlcjIyMDAzNTMx","avatar_url":"https://avatars.githubusercontent.com/u/22003531?v=4","gravatar_id":"","url":"https://api.github.com/users/davidpales1","html_url":"https://github.com/davidpales1","followers_url":"https://api.github.com/users/davidpales1/followers","following_url":"https://api.github.com/users/davidpales1/following{/other_user}","gists_url":"https://api.github.com/users/davidpales1/gists{/gist_id}","starred_url":"https://api.github.com/users/davidpales1/starred{/owner}{/repo}","subscriptions_url":"https://api.github.com/users/davidpales1/subscriptions","organizations_url":"https://api.github.com/users/davidpales1/orgs","repos_url":"https://api.github.com/users/davidpales1/repos","events_url":"https://api.github.com/users/davidpales1/events{/privacy}","received_events_url":"https://api.github.com/users/davidpales1/received_events","type":"User","site_admin":false,"name":"Jihad El Sayed","company":"Swapynet","blog":"https://www.swapynet.com/","location":"Sweden","email":"david.pales1@gmail.com","hireable":null,"bio":"I think so I exist ","twitter_username":"JihadGhost12","public_repos":31,"public_gists":1,"followers":3,"following":30,"created_at":"2016-09-05T11:00:53Z","updated_at":"2022-06-02T08:05:07Z","private_gists":0,"total_private_repos":25,"owned_private_repos":25,"disk_usage":516290,"collaborators":2,"two_factor_authentication":false,"plan":{"name":"free","space":976562499,"collaborators":0,"private_repos":10000}}
[info] 
[info] +  Success! Logged into GitHub as davidpales1 
[info] 
